0 verbose cli C:\Program Files\nodejs\node.exe C:\ProgramData\npm\npm\node_modules\npm\bin\npm-cli.js
1 info using npm@10.8.2
2 info using node@v20.11.0
3 silly config load:file:C:\ProgramData\npm\npm\node_modules\npm\npmrc
4 silly config load:file:C:\Users\USER\Documents\newhope-chat\.npmrc
5 silly config load:file:C:\Users\USER\.npmrc
6 silly config load:file:C:\Users\USER\AppData\Roaming\npm\etc\npmrc
7 verbose title npm install lodash/debounce
8 verbose argv "install" "lodash/debounce"
9 verbose logfile logs-max:10 dir:C:\Users\USER\Documents\newhope-chat\UsersUSER.npm-cache\_logs\2025-08-23T20_57_32_547Z-
10 verbose logfile C:\Users\USER\Documents\newhope-chat\UsersUSER.npm-cache\_logs\2025-08-23T20_57_32_547Z-debug-0.log
11 silly packumentCache heap:2197815296 maxSize:549453824 maxEntrySize:274726912
12 silly logfile done cleaning log files
13 verbose stack Error: An unknown git error occurred
13 verbose stack     at makeError (C:\ProgramData\npm\npm\node_modules\npm\node_modules\@npmcli\git\lib\make-error.js:28:13)
13 verbose stack     at C:\ProgramData\npm\npm\node_modules\npm\node_modules\@npmcli\git\lib\spawn.js:37:26
13 verbose stack     at process.processTicksAndRejections (node:internal/process/task_queues:95:5)
14 error code 128
15 error An unknown git error occurred
16 error command git --no-replace-objects ls-remote ssh://git@github.com/lodash/debounce.git
17 error ERROR: Repository not found.
17 error fatal: Could not read from remote repository.
17 error
17 error Please make sure you have the correct access rights
17 error and the repository exists.
18 silly unfinished npm timer reify 1755982654202
19 silly unfinished npm timer reify:loadTrees 1755982654221
20 silly unfinished npm timer idealTree:userRequests 1755982655306
21 verbose cwd C:\Users\USER\Documents\newhope-chat
22 verbose os Windows_NT 10.0.19045
23 verbose node v20.11.0
24 verbose npm  v10.8.2
25 verbose exit 128
26 verbose code 128
27 error A complete log of this run can be found in: C:\Users\USER\Documents\newhope-chat\UsersUSER.npm-cache\_logs\2025-08-23T20_57_32_547Z-debug-0.log
