0 verbose cli C:\Program Files\nodejs\node.exe C:\ProgramData\npm\npm\node_modules\npm\bin\npm-cli.js
1 info using npm@10.8.2
2 info using node@v20.11.0
3 silly config load:file:C:\ProgramData\npm\npm\node_modules\npm\npmrc
4 silly config load:file:C:\Users\USER\Documents\newhope-chat\.npmrc
5 silly config load:file:C:\Users\USER\.npmrc
6 silly config load:file:C:\Users\USER\AppData\Roaming\npm\etc\npmrc
7 verbose title npm exec expo start
8 verbose argv "exec" "--" "expo" "start"
9 verbose logfile logs-max:10 dir:C:\Users\USER\Documents\newhope-chat\UsersUSER.npm-cache\_logs\2025-08-23T23_10_39_805Z-
10 verbose logfile C:\Users\USER\Documents\newhope-chat\UsersUSER.npm-cache\_logs\2025-08-23T23_10_39_805Z-debug-0.log
11 silly logfile done cleaning log files
12 http fetch GET 200 https://registry.npmjs.org/npm 3253ms
13 verbose cwd C:\Users\USER\Documents\newhope-chat
14 verbose os Windows_NT 10.0.19045
15 verbose node v20.11.0
16 verbose npm  v10.8.2
17 notice
17 notice New [31mmajor[39m version of npm available! [31m10.8.2[39m -> [34m11.5.2[39m
17 notice Changelog: [34mhttps://github.com/npm/cli/releases/tag/v11.5.2[39m
17 notice To update run: [4mnpm install -g npm@11.5.2[24m
17 notice  { force: true, [Symbol(proc-log.meta)]: true }
18 verbose exit 0
19 info ok
